<?xml version="1.0" encoding="UTF-8"?>
<!-- Generated by org.testng.reporters.JUnitXMLReporter -->
<testsuite ignored="1" hostname="DESKTOP-LN0VQKG" failures="0" tests="1" name="NegativeUsernameTest" time="23.872" errors="0" timestamp="2023-01-25T14:47:02 CST">
  <testcase classname="com.herokuapp.theinternet.LoginTests" name="negativeLoginTest" time="23.85"/>
  <testcase classname="com.herokuapp.theinternet.LoginTests" name="positiveloginTest" time="0.0">
    <ignored/>
  </testcase> <!-- positiveloginTest -->
</testsuite> <!-- NegativeUsernameTest -->
