<?xml version="1.0" encoding="UTF-8"?>
<!-- Generated by org.testng.reporters.JUnitXMLReporter -->
<testsuite ignored="1" hostname="DESKTOP-LN0VQKG" failures="0" tests="1" name="NegativeTest" time="27.572" errors="0" timestamp="2023-01-24T13:44:19 CST">
  <testcase classname="com.herokuapp.theinternet.NegativeTest" name="incorrectusernameTest" time="27.434"/>
  <testcase classname="com.herokuapp.theinternet.NegativeTest" name="incorrectupasswordTest" time="0.0">
    <ignored/>
  </testcase> <!-- incorrectupasswordTest -->
</testsuite> <!-- NegativeTest -->
