<?xml version="1.0" encoding="UTF-8"?>
<!-- Generated by org.testng.reporters.JUnitXMLReporter -->
<testsuite ignored="1" hostname="DESKTOP-LN0VQKG" failures="0" tests="1" name="NegativeTest" time="72.011" errors="0" timestamp="2023-01-25T00:32:20 CST">
  <testcase classname="com.herokuapp.theinternet.NegativeTest" name="incorrectusernameTest" time="71.839"/>
  <testcase classname="com.herokuapp.theinternet.NegativeTest" name="incorrectupasswordTest" time="0.0">
    <ignored/>
  </testcase> <!-- incorrectupasswordTest -->
</testsuite> <!-- NegativeTest -->
