<?xml version="1.0" encoding="UTF-8"?>
<!-- Generated by org.testng.reporters.JUnitXMLReporter -->
<testsuite ignored="1" hostname="DESKTOP-LN0VQKG" failures="0" tests="1" name="PositiveTest" time="28.097" errors="0" timestamp="2023-01-26T11:37:37 CST">
  <testcase classname="com.herokuapp.theinternet.LoginTests" name="positiveloginTest" time="19.522"/>
  <testcase classname="com.herokuapp.theinternet.LoginTests" name="negativeLoginTest" time="0.0">
    <ignored/>
  </testcase> <!-- negativeLoginTest -->
</testsuite> <!-- PositiveTest -->
