<?xml version="1.0" encoding="UTF-8"?>
<!-- Generated by org.testng.reporters.JUnitXMLReporter -->
<testsuite ignored="1" hostname="DESKTOP-LN0VQKG" failures="0" tests="1" name="PositiveTest" time="30.965" errors="0" timestamp="2023-02-01T01:10:21 CST">
  <testcase classname="com.herokuapp.theinternet.LoginTests" name="positiveloginTest" time="19.714"/>
  <testcase classname="com.herokuapp.theinternet.LoginTests" name="negativeLoginTest" time="0.0">
    <ignored/>
  </testcase> <!-- negativeLoginTest -->
</testsuite> <!-- PositiveTest -->
