<?xml version="1.0" encoding="UTF-8"?>
<!-- Generated by org.testng.reporters.JUnitXMLReporter -->
<testsuite ignored="1" hostname="DESKTOP-LN0VQKG" failures="0" tests="1" name="ExecptionTest" time="11.886" errors="0" timestamp="2023-02-03T17:03:52 CST">
  <testcase classname="com.herokuapp.theinternet.ExceptionsTests" name="elementNotInteractableException" time="9.347"/>
  <testcase classname="com.herokuapp.theinternet.ExceptionsTests" name="noSuchElementExceptionTest" time="0.0">
    <ignored/>
  </testcase> <!-- noSuchElementExceptionTest -->
</testsuite> <!-- ExecptionTest -->
