<?xml version="1.0" encoding="UTF-8"?>
<testng-results ignored="0" total="2" passed="2" failed="0" skipped="0">
  <reporter-output>
  </reporter-output>
  <suite started-at="2023-01-24T12:45:20 CST" name="AllTests" finished-at="2023-01-24T12:46:17 CST" duration-ms="57800">
    <groups>
    </groups>
    <test started-at="2023-01-24T12:45:20 CST" name="PositiveTest" finished-at="2023-01-24T12:45:54 CST" duration-ms="33957">
      <class name="com.herokuapp.theinternet.PositiveTest">
        <test-method signature="loginTest()[pri:0, instance:com.herokuapp.theinternet.PositiveTest@71a8adcf]" started-at="2023-01-24T12:45:20 CST" name="loginTest" finished-at="2023-01-24T12:45:54 CST" duration-ms="33853" status="PASS">
          <reporter-output>
          </reporter-output>
        </test-method> <!-- loginTest -->
      </class> <!-- com.herokuapp.theinternet.PositiveTest -->
    </test> <!-- PositiveTest -->
    <test started-at="2023-01-24T12:45:54 CST" name="NegativeTest" finished-at="2023-01-24T12:46:17 CST" duration-ms="23682">
      <class name="com.herokuapp.theinternet.NegativeTest">
        <test-method signature="incorrectusernameTest()[pri:0, instance:com.herokuapp.theinternet.NegativeTest@53fe15ff]" started-at="2023-01-24T12:45:54 CST" name="incorrectusernameTest" finished-at="2023-01-24T12:46:17 CST" duration-ms="23675" status="PASS">
          <reporter-output>
          </reporter-output>
        </test-method> <!-- incorrectusernameTest -->
      </class> <!-- com.herokuapp.theinternet.NegativeTest -->
    </test> <!-- NegativeTest -->
  </suite> <!-- AllTests -->
</testng-results>
