<?xml version="1.0" encoding="UTF-8"?>
<testng-results ignored="0" total="1" passed="1" failed="0" skipped="0">
  <reporter-output>
  </reporter-output>
  <suite started-at="2023-01-16T17:48:15 CST" name="Surefire suite" finished-at="2023-01-16T17:48:50 CST" duration-ms="35065">
    <groups>
    </groups>
    <test started-at="2023-01-16T17:48:15 CST" name="Surefire test" finished-at="2023-01-16T17:48:50 CST" duration-ms="35065">
      <class name="com.herokuapp.theinternet.PositiveTest">
        <test-method signature="loginTest()[pri:0, instance:com.herokuapp.theinternet.PositiveTest@3738449f]" started-at="2023-01-16T17:48:15 CST" name="loginTest" finished-at="2023-01-16T17:48:50 CST" duration-ms="34824" status="PASS">
          <reporter-output>
          </reporter-output>
        </test-method> <!-- loginTest -->
      </class> <!-- com.herokuapp.theinternet.PositiveTest -->
    </test> <!-- Surefire test -->
  </suite> <!-- Surefire suite -->
</testng-results>
