<?xml version="1.0" encoding="UTF-8"?>
<testng-results ignored="3" total="6" passed="3" failed="0" skipped="0">
  <reporter-output>
  </reporter-output>
  <suite started-at="2023-01-26T11:37:09 CST" name="NegativeTestSuite" finished-at="2023-01-26T11:38:36 CST" duration-ms="86803">
    <groups>
      <group name="positiveTests">
        <method signature="LoginTests.positiveloginTest()[pri:1, instance:com.herokuapp.theinternet.LoginTests@54c5a2ff]" name="positiveloginTest" class="com.herokuapp.theinternet.LoginTests"/>
      </group> <!-- positiveTests -->
      <group name="smokeTests">
        <method signature="LoginTests.positiveloginTest()[pri:1, instance:com.herokuapp.theinternet.LoginTests@54c5a2ff]" name="positiveloginTest" class="com.herokuapp.theinternet.LoginTests"/>
        <method signature="LoginTests.negativeLoginTest(java.lang.String,java.lang.String,java.lang.String)[pri:2, instance:com.herokuapp.theinternet.LoginTests@7fd50002]" name="negativeLoginTest" class="com.herokuapp.theinternet.LoginTests"/>
        <method signature="LoginTests.negativeLoginTest(java.lang.String,java.lang.String,java.lang.String)[pri:2, instance:com.herokuapp.theinternet.LoginTests@723ca036]" name="negativeLoginTest" class="com.herokuapp.theinternet.LoginTests"/>
      </group> <!-- smokeTests -->
      <group name="negativeTests">
        <method signature="LoginTests.negativeLoginTest(java.lang.String,java.lang.String,java.lang.String)[pri:2, instance:com.herokuapp.theinternet.LoginTests@7fd50002]" name="negativeLoginTest" class="com.herokuapp.theinternet.LoginTests"/>
        <method signature="LoginTests.negativeLoginTest(java.lang.String,java.lang.String,java.lang.String)[pri:2, instance:com.herokuapp.theinternet.LoginTests@723ca036]" name="negativeLoginTest" class="com.herokuapp.theinternet.LoginTests"/>
      </group> <!-- negativeTests -->
    </groups>
    <test started-at="2023-01-26T11:37:09 CST" name="PositiveTest" finished-at="2023-01-26T11:37:37 CST" duration-ms="28097">
      <class name="com.herokuapp.theinternet.LoginTests">
        <test-method is-config="true" signature="setUp()[pri:0, instance:com.herokuapp.theinternet.LoginTests@54c5a2ff]" started-at="2023-01-26T11:37:09 CST" name="setUp" finished-at="2023-01-26T11:37:17 CST" duration-ms="8251" status="PASS">
          <reporter-output>
          </reporter-output>
        </test-method> <!-- setUp -->
        <test-method signature="positiveloginTest()[pri:1, instance:com.herokuapp.theinternet.LoginTests@54c5a2ff]" started-at="2023-01-26T11:37:17 CST" name="positiveloginTest" finished-at="2023-01-26T11:37:37 CST" duration-ms="19522" status="PASS">
          <reporter-output>
          </reporter-output>
        </test-method> <!-- positiveloginTest -->
        <test-method is-config="true" signature="tearDown()[pri:0, instance:com.herokuapp.theinternet.LoginTests@54c5a2ff]" started-at="2023-01-26T11:37:37 CST" name="tearDown" finished-at="2023-01-26T11:37:37 CST" duration-ms="254" status="PASS">
          <reporter-output>
          </reporter-output>
        </test-method> <!-- tearDown -->
      </class> <!-- com.herokuapp.theinternet.LoginTests -->
    </test> <!-- PositiveTest -->
    <test started-at="2023-01-26T11:37:37 CST" name="NegativeUsernameTest" finished-at="2023-01-26T11:38:07 CST" duration-ms="29319">
      <class name="com.herokuapp.theinternet.LoginTests">
        <test-method is-config="true" signature="setUp()[pri:0, instance:com.herokuapp.theinternet.LoginTests@7fd50002]" started-at="2023-01-26T11:37:37 CST" name="setUp" finished-at="2023-01-26T11:37:44 CST" duration-ms="6905" status="PASS">
          <reporter-output>
          </reporter-output>
        </test-method> <!-- setUp -->
        <test-method signature="negativeLoginTest(java.lang.String,java.lang.String,java.lang.String)[pri:2, instance:com.herokuapp.theinternet.LoginTests@7fd50002]" started-at="2023-01-26T11:37:44 CST" name="negativeLoginTest" finished-at="2023-01-26T11:38:06 CST" duration-ms="22181" status="PASS">
          <params>
            <param index="0">
              <value>
                <![CDATA[incorrectUsername]]>
              </value>
            </param>
            <param index="1">
              <value>
                <![CDATA[SuperSecretPassword!]]>
              </value>
            </param>
            <param index="2">
              <value>
                <![CDATA[Your username is invalid!]]>
              </value>
            </param>
          </params>
          <reporter-output>
          </reporter-output>
        </test-method> <!-- negativeLoginTest -->
        <test-method is-config="true" signature="tearDown()[pri:0, instance:com.herokuapp.theinternet.LoginTests@7fd50002]" started-at="2023-01-26T11:38:06 CST" name="tearDown" finished-at="2023-01-26T11:38:07 CST" duration-ms="219" status="PASS">
          <reporter-output>
          </reporter-output>
        </test-method> <!-- tearDown -->
      </class> <!-- com.herokuapp.theinternet.LoginTests -->
    </test> <!-- NegativeUsernameTest -->
    <test started-at="2023-01-26T11:38:07 CST" name="NegativePasswordTest" finished-at="2023-01-26T11:38:36 CST" duration-ms="29306">
      <class name="com.herokuapp.theinternet.LoginTests">
        <test-method is-config="true" signature="setUp()[pri:0, instance:com.herokuapp.theinternet.LoginTests@723ca036]" started-at="2023-01-26T11:38:07 CST" name="setUp" finished-at="2023-01-26T11:38:14 CST" duration-ms="6949" status="PASS">
          <reporter-output>
          </reporter-output>
        </test-method> <!-- setUp -->
        <test-method signature="negativeLoginTest(java.lang.String,java.lang.String,java.lang.String)[pri:2, instance:com.herokuapp.theinternet.LoginTests@723ca036]" started-at="2023-01-26T11:38:14 CST" name="negativeLoginTest" finished-at="2023-01-26T11:38:36 CST" duration-ms="22096" status="PASS">
          <params>
            <param index="0">
              <value>
                <![CDATA[tomsmith]]>
              </value>
            </param>
            <param index="1">
              <value>
                <![CDATA[incorrectPassword!]]>
              </value>
            </param>
            <param index="2">
              <value>
                <![CDATA[Your password is invalid!]]>
              </value>
            </param>
          </params>
          <reporter-output>
          </reporter-output>
        </test-method> <!-- negativeLoginTest -->
        <test-method is-config="true" signature="tearDown()[pri:0, instance:com.herokuapp.theinternet.LoginTests@723ca036]" started-at="2023-01-26T11:38:36 CST" name="tearDown" finished-at="2023-01-26T11:38:36 CST" duration-ms="239" status="PASS">
          <reporter-output>
          </reporter-output>
        </test-method> <!-- tearDown -->
      </class> <!-- com.herokuapp.theinternet.LoginTests -->
    </test> <!-- NegativePasswordTest -->
  </suite> <!-- NegativeTestSuite -->
</testng-results>
