<?xml version="1.0" encoding="UTF-8"?>
<testng-results ignored="0" total="1" passed="1" failed="0" skipped="0">
  <reporter-output>
  </reporter-output>
  <suite started-at="2023-01-18T15:04:51 CST" name="Default suite" finished-at="2023-01-18T15:05:23 CST" duration-ms="31885">
    <groups>
    </groups>
    <test started-at="2023-01-18T15:04:51 CST" name="Default test" finished-at="2023-01-18T15:05:23 CST" duration-ms="31885">
      <class name="com.herokuapp.theinternet.PositiveTest">
        <test-method signature="loginTest()[pri:0, instance:com.herokuapp.theinternet.PositiveTest@1c7696c6]" started-at="2023-01-18T15:04:51 CST" name="loginTest" finished-at="2023-01-18T15:05:22 CST" duration-ms="31578" status="PASS">
          <reporter-output>
          </reporter-output>
        </test-method> <!-- loginTest -->
      </class> <!-- com.herokuapp.theinternet.PositiveTest -->
    </test> <!-- Default test -->
  </suite> <!-- Default suite -->
</testng-results>
